{"target": 0.0, "params": {"lam_ridge_scale": -2.502132028215444, "lam_scale": -4.321946960652949, "lr_scale": -2.0003431244520344, "n_hidden": 84.37381286743258, "truncation": 3.7883619255251477}, "datetime": {"datetime": "2019-05-11 03:36:45", "elapsed": 0.0, "delta": 0.0}}
{"target": 0.0, "params": {"lam_ridge_scale": -2.515167086419769, "lam_scale": -4.111317002380557, "lr_scale": -2.613356749194552, "n_hidden": 226.01688935217257, "truncation": 1.520364270760597}, "datetime": {"datetime": "2019-05-11 04:30:12", "elapsed": 3206.486191, "delta": 3206.486191}}
{"target": 0.0, "params": {"lam_ridge_scale": -4.80446741205322, "lam_scale": -5.809569454316385, "lr_scale": -2.9402725344777285, "n_hidden": 180.31136345465126, "truncation": 17.65139389362473}, "datetime": {"datetime": "2019-05-11 05:13:53", "elapsed": 5827.868835, "delta": 2621.382644}}
{"target": 1.4835931037913523, "params": {"lam_ridge_scale": -5.367639981023084, "lam_scale": -0.5102652682186675, "lr_scale": -2.117164349698647, "n_hidden": 51.77828321288395, "truncation": 17.68470756515885}, "datetime": {"datetime": "2019-05-11 05:29:18", "elapsed": 6753.000197, "delta": 925.131362}}
{"target": 0.0, "params": {"lam_ridge_scale": -0.5900810029983006, "lam_scale": -2.5266457500303128, "lr_scale": -4.873668590451506, "n_hidden": 141.1586601033622, "truncation": 14.145665165058993}, "datetime": {"datetime": "2019-05-11 05:57:16", "elapsed": 8430.714283, "delta": 1677.714086}}
{"target": 0.0, "params": {"lam_ridge_scale": -1.8930937860363777, "lam_scale": -4.119005566089502, "lr_scale": -4.503877015692119, "n_hidden": 14.498916226671184, "truncation": 15.252741983954381}, "datetime": {"datetime": "2019-05-11 06:11:20", "elapsed": 9274.206253, "delta": 843.49197}}
{"target": 0.0, "params": {"lam_ridge_scale": -5.9331665334389685, "lam_scale": -4.488993926279036, "lr_scale": -2.8413319761932154, "n_hidden": 204.16271479906618, "truncation": 2.9612941249751987}, "datetime": {"datetime": "2019-05-11 06:53:18", "elapsed": 11792.381359, "delta": 2518.175106}}
{"target": 0.0, "params": {"lam_ridge_scale": -2.687361157055431, "lam_scale": -5.451573018558573, "lr_scale": -2.8808424451210386, "n_hidden": 80.79273329224179, "truncation": 3.470542870247276}, "datetime": {"datetime": "2019-05-11 07:11:22", "elapsed": 12877.027643, "delta": 1084.646284}}
{"target": 0.0, "params": {"lam_ridge_scale": -0.11620174722178245, "lam_scale": -4.073013197639346, "lr_scale": -2.634884348000177, "n_hidden": 75.32447820556764, "truncation": 10.339890026326428}, "datetime": {"datetime": "2019-05-11 07:28:01", "elapsed": 13875.315402, "delta": 998.287759}}
{"target": 0.0, "params": {"lam_ridge_scale": -0.3201752707024823, "lam_scale": -3.444705632952078, "lr_scale": -2.4401857247174306, "n_hidden": 154.96916207820792, "truncation": 14.295408840397693}, "datetime": {"datetime": "2019-05-11 08:01:36", "elapsed": 15890.852886, "delta": 2015.537484}}
{"target": 0.0, "params": {"lam_ridge_scale": -0.614006572966955, "lam_scale": -2.48433592691741, "lr_scale": -4.083200473183235, "n_hidden": 111.88810030361805, "truncation": 1.949115719975656}, "datetime": {"datetime": "2019-05-11 08:22:47", "elapsed": 17161.371905, "delta": 1270.519019}}
{"target": 0.0, "params": {"lam_ridge_scale": -3.2153784354930695, "lam_scale": -3.9827678713187327, "lr_scale": -3.5446673361749257, "n_hidden": 242.3703099737401, "truncation": 12.144545769537865}, "datetime": {"datetime": "2019-05-11 09:12:46", "elapsed": 20160.274965, "delta": 2998.90306}}
{"target": 1.9629146090709826, "params": {"lam_ridge_scale": -5.420411491727301, "lam_scale": -0.8248482248774252, "lr_scale": -2.4178290417522756, "n_hidden": 208.61825702254285, "truncation": 8.555859902725139}, "datetime": {"datetime": "2019-05-11 09:57:28", "elapsed": 22842.729857, "delta": 2682.454892}}
{"target": 0.0, "params": {"lam_ridge_scale": -0.9921251827015967, "lam_scale": -5.565051482376203, "lr_scale": -3.0432975792365196, "n_hidden": 194.69977737149426, "truncation": 14.793961721658578}, "datetime": {"datetime": "2019-05-11 10:36:43", "elapsed": 25197.117061, "delta": 2354.387204}}
{"target": 0.0, "params": {"lam_ridge_scale": -5.299836547234859, "lam_scale": -3.7420332423336533, "lr_scale": -4.252827302082012, "n_hidden": 95.82899212654927, "truncation": 6.128629943535495}, "datetime": {"datetime": "2019-05-11 10:56:17", "elapsed": 26371.814843, "delta": 1174.697782}}
{"target": 0.0, "params": {"lam_ridge_scale": -5.375317309176401, "lam_scale": -2.5685471392277694, "lr_scale": -4.894520141445157, "n_hidden": 173.20660846333823, "truncation": 12.812218683973313}, "datetime": {"datetime": "2019-05-11 11:29:43", "elapsed": 28378.033906, "delta": 2006.219063}}
{"target": 0.0, "params": {"lam_ridge_scale": -0.6884758377202511, "lam_scale": -5.696935552242428, "lr_scale": -3.349736400439822, "n_hidden": 152.28384513923442, "truncation": 8.754599252464342}, "datetime": {"datetime": "2019-05-11 11:59:23", "elapsed": 30157.503949, "delta": 1779.470043}}
